c:\users\usuario\documents\visual studio 2015\projects\compiladores\compiler_code_logic_thing\compiler_code_logic_thing\debug\compiler_code_logic_thing.pch
c:\users\usuario\documents\visual studio 2015\projects\compiladores\compiler_code_logic_thing\compiler_code_logic_thing\debug\vc140.pdb
c:\users\usuario\documents\visual studio 2015\projects\compiladores\compiler_code_logic_thing\compiler_code_logic_thing\debug\stdafx.obj
c:\users\usuario\documents\visual studio 2015\projects\compiladores\compiler_code_logic_thing\compiler_code_logic_thing\debug\compiler_code_logic_thing.obj
c:\users\usuario\documents\visual studio 2015\projects\compiladores\compiler_code_logic_thing\compiler_code_logic_thing\debug\assemblyinfo.obj
c:\users\usuario\documents\visual studio 2015\projects\compiladores\compiler_code_logic_thing\compiler_code_logic_thing\debug\.netframework,version=v4.5.2.assemblyattributes.obj
c:\users\usuario\documents\visual studio 2015\projects\compiladores\compiler_code_logic_thing\compiler_code_logic_thing\debug\.netframework,version=v4.5.2.assemblyattributes.asm
c:\users\usuario\documents\visual studio 2015\projects\compiladores\compiler_code_logic_thing\compiler_code_logic_thing\debug\token.obj
c:\users\usuario\documents\visual studio 2015\projects\compiladores\compiler_code_logic_thing\compiler_code_logic_thing\debug\lex_analizer.obj
c:\users\usuario\documents\visual studio 2015\projects\compiladores\compiler_code_logic_thing\compiler_code_logic_thing\debug\error_module.obj
c:\users\usuario\documents\visual studio 2015\projects\compiladores\compiler_code_logic_thing\debug\compiler_code_logic_thing.dll
c:\users\usuario\documents\visual studio 2015\projects\compiladores\compiler_code_logic_thing\debug\compiler_code_logic_thing.pdb
c:\users\usuario\documents\visual studio 2015\projects\compiladores\compiler_code_logic_thing\compiler_code_logic_thing\debug\app.res
c:\users\usuario\documents\visual studio 2015\projects\compiladores\compiler_code_logic_thing\compiler_code_logic_thing\debug\compiler_code_logic_thing.vcxprojresolveassemblyreference.cache
c:\users\usuario\documents\visual studio 2015\projects\compiladores\compiler_code_logic_thing\compiler_code_logic_thing\debug\compiler.c3216f74.tlog\cl.command.1.tlog
c:\users\usuario\documents\visual studio 2015\projects\compiladores\compiler_code_logic_thing\compiler_code_logic_thing\debug\compiler.c3216f74.tlog\cl.read.1.tlog
c:\users\usuario\documents\visual studio 2015\projects\compiladores\compiler_code_logic_thing\compiler_code_logic_thing\debug\compiler.c3216f74.tlog\cl.write.1.tlog
c:\users\usuario\documents\visual studio 2015\projects\compiladores\compiler_code_logic_thing\compiler_code_logic_thing\debug\compiler.c3216f74.tlog\link.command.1.tlog
c:\users\usuario\documents\visual studio 2015\projects\compiladores\compiler_code_logic_thing\compiler_code_logic_thing\debug\compiler.c3216f74.tlog\link.read.1.tlog
c:\users\usuario\documents\visual studio 2015\projects\compiladores\compiler_code_logic_thing\compiler_code_logic_thing\debug\compiler.c3216f74.tlog\link.write.1.tlog
c:\users\usuario\documents\visual studio 2015\projects\compiladores\compiler_code_logic_thing\compiler_code_logic_thing\debug\compiler.c3216f74.tlog\metagen.read.1.tlog
c:\users\usuario\documents\visual studio 2015\projects\compiladores\compiler_code_logic_thing\compiler_code_logic_thing\debug\compiler.c3216f74.tlog\metagen.write.1.tlog
c:\users\usuario\documents\visual studio 2015\projects\compiladores\compiler_code_logic_thing\compiler_code_logic_thing\debug\compiler.c3216f74.tlog\rc.command.1.tlog
c:\users\usuario\documents\visual studio 2015\projects\compiladores\compiler_code_logic_thing\compiler_code_logic_thing\debug\compiler.c3216f74.tlog\rc.read.1.tlog
c:\users\usuario\documents\visual studio 2015\projects\compiladores\compiler_code_logic_thing\compiler_code_logic_thing\debug\compiler.c3216f74.tlog\rc.write.1.tlog
c:\users\usuario\documents\visual studio 2015\projects\compiladores\compiler_code_logic_thing\compiler_code_logic_thing\debug\compiler.c3216f74.tlog\tzres.dll.bi
