  Compiler_code_logic_thing.cpp
Compiler_code_logic_thing.cpp(85): warning C4018: '<': signed/unsigned mismatch
  SymbolTable.cpp
  SyntaxStateM.cpp
SyntaxStateM.cpp(98): warning C4018: '<': signed/unsigned mismatch
SyntaxStateM.cpp(99): warning C4018: '<': signed/unsigned mismatch
SyntaxStateM.cpp(210): warning C4018: '<': signed/unsigned mismatch
SyntaxStateM.cpp(214): warning C4018: '<': signed/unsigned mismatch
SyntaxStateM.cpp(321): warning C4018: '<': signed/unsigned mismatch
SyntaxStateM.cpp(322): warning C4018: '<': signed/unsigned mismatch
SyntaxStateM.cpp(378): warning C4018: '<': signed/unsigned mismatch
SyntaxStateM.cpp(379): warning C4018: '<': signed/unsigned mismatch
SyntaxStateM.cpp(442): warning C4018: '<': signed/unsigned mismatch
SyntaxStateM.cpp(443): warning C4018: '<': signed/unsigned mismatch
SyntaxStateM.cpp(491): warning C4018: '<': signed/unsigned mismatch
SyntaxStateM.cpp(492): warning C4018: '<': signed/unsigned mismatch
SyntaxStateM.cpp(531): warning C4018: '<': signed/unsigned mismatch
SyntaxStateM.cpp(532): warning C4018: '<': signed/unsigned mismatch
SyntaxStateM.cpp(571): warning C4018: '<': signed/unsigned mismatch
SyntaxStateM.cpp(572): warning C4018: '<': signed/unsigned mismatch
SyntaxStateM.cpp(659): warning C4018: '<': signed/unsigned mismatch
SyntaxStateM.cpp(660): warning C4018: '<': signed/unsigned mismatch
SyntaxStateM.cpp(741): warning C4018: '<': signed/unsigned mismatch
SyntaxStateM.cpp(742): warning C4018: '<': signed/unsigned mismatch
SyntaxStateM.cpp(781): warning C4018: '<': signed/unsigned mismatch
SyntaxStateM.cpp(782): warning C4018: '<': signed/unsigned mismatch
SyntaxStateM.cpp(842): warning C4018: '<': signed/unsigned mismatch
SyntaxStateM.cpp(843): warning C4018: '<': signed/unsigned mismatch
SyntaxStateM.cpp(899): warning C4018: '<': signed/unsigned mismatch
SyntaxStateM.cpp(900): warning C4018: '<': signed/unsigned mismatch
SyntaxStateM.cpp(959): warning C4018: '<': signed/unsigned mismatch
SyntaxStateM.cpp(960): warning C4018: '<': signed/unsigned mismatch
SyntaxStateM.cpp(1029): warning C4018: '<': signed/unsigned mismatch
SyntaxStateM.cpp(1030): warning C4018: '<': signed/unsigned mismatch
SyntaxStateM.cpp(1069): warning C4018: '<': signed/unsigned mismatch
SyntaxStateM.cpp(1070): warning C4018: '<': signed/unsigned mismatch
SyntaxStateM.cpp(1135): warning C4018: '<': signed/unsigned mismatch
SyntaxStateM.cpp(1136): warning C4018: '<': signed/unsigned mismatch
SyntaxStateM.cpp(1175): warning C4018: '<': signed/unsigned mismatch
SyntaxStateM.cpp(1176): warning C4018: '<': signed/unsigned mismatch
SyntaxStateM.cpp(1231): warning C4018: '<': signed/unsigned mismatch
SyntaxStateM.cpp(1232): warning C4018: '<': signed/unsigned mismatch
SyntaxStateM.cpp(1271): warning C4018: '<': signed/unsigned mismatch
SyntaxStateM.cpp(1272): warning C4018: '<': signed/unsigned mismatch
  Syntax_analizer.cpp
  Generating Code...
  AssemblyInfo.obj : /DEBUG:FASTLINK is not supported when managed code is present; restarting link with /DEBUG:FULL
  Compiler_code_logic_thing.vcxproj -> C:\Users\Usuario\Documents\Visual Studio 2015\Projects\Compiladores\Compiler_code_logic_thing\Debug\Compiler_code_logic_thing.dll
  Compiler_code_logic_thing.vcxproj -> C:\Users\Usuario\Documents\Visual Studio 2015\Projects\Compiladores\Compiler_code_logic_thing\Debug\Compiler_code_logic_thing.pdb (Partial PDB)
